mode: set
github.com/thanapatfd/todolist/todo/cmd/helper.go:20.31,32.16 4 0
github.com/thanapatfd/todolist/todo/cmd/helper.go:32.16,34.3 1 0
github.com/thanapatfd/todolist/todo/cmd/helper.go:36.2,36.12 1 0
github.com/thanapatfd/todolist/todo/cmd/helper.go:39.29,43.18 2 0
github.com/thanapatfd/todolist/todo/cmd/helper.go:43.18,46.3 1 0
github.com/thanapatfd/todolist/todo/cmd/helper.go:49.2,54.25 2 0
github.com/thanapatfd/todolist/todo/cmd/helper.go:57.29,66.16 3 0
github.com/thanapatfd/todolist/todo/cmd/helper.go:66.16,68.3 1 0
github.com/thanapatfd/todolist/todo/cmd/helper.go:71.2,84.121 3 0
github.com/thanapatfd/todolist/todo/cmd/main.go:25.13,49.2 18 0
github.com/thanapatfd/todolist/todo/entity/todo_entity.go:15.53,18.21 2 1
github.com/thanapatfd/todolist/todo/entity/todo_entity.go:18.21,20.3 1 1
github.com/thanapatfd/todolist/todo/entity/todo_entity.go:22.2,22.48 1 1
github.com/thanapatfd/todolist/todo/entity/todo_entity.go:22.48,25.3 2 1
github.com/thanapatfd/todolist/todo/entity/todo_entity.go:27.2,27.48 1 1
github.com/thanapatfd/todolist/todo/entity/todo_entity.go:27.48,30.3 2 1
github.com/thanapatfd/todolist/todo/entity/todo_entity.go:32.2,32.73 1 1
github.com/thanapatfd/todolist/todo/entity/todo_entity.go:32.73,34.3 1 1
github.com/thanapatfd/todolist/todo/entity/todo_entity.go:36.2,36.47 1 1
github.com/thanapatfd/todolist/todo/entity/todo_entity.go:36.47,38.3 1 1
github.com/thanapatfd/todolist/todo/entity/todo_entity.go:40.2,40.37 1 1
github.com/thanapatfd/todolist/todo/middleware/logger.go:13.71,15.71 1 0
github.com/thanapatfd/todolist/todo/middleware/logger.go:15.71,17.3 1 0
github.com/thanapatfd/todolist/todo/middleware/logger.go:20.34,46.2 6 0
github.com/thanapatfd/todolist/todo/middleware/tracer.go:16.43,22.54 3 0
github.com/thanapatfd/todolist/todo/middleware/tracer.go:22.54,24.3 1 0
github.com/thanapatfd/todolist/todo/middleware/tracer.go:26.2,45.2 5 0
github.com/thanapatfd/todolist/todo/middleware/tracer.go:45.2,51.36 4 0
github.com/thanapatfd/todolist/todo/middleware/tracer.go:51.36,53.4 1 0
github.com/thanapatfd/todolist/todo/middleware/tracer.go:57.2,62.12 3 0
github.com/thanapatfd/todolist/todo/repository/todo_repository.go:25.54,27.2 1 0
github.com/thanapatfd/todolist/todo/repository/todo_repository.go:29.108,35.16 5 0
github.com/thanapatfd/todolist/todo/repository/todo_repository.go:35.16,37.3 1 0
github.com/thanapatfd/todolist/todo/repository/todo_repository.go:39.2,39.18 1 0
github.com/thanapatfd/todolist/todo/repository/todo_repository.go:39.18,41.3 1 0
github.com/thanapatfd/todolist/todo/repository/todo_repository.go:43.2,44.25 2 0
github.com/thanapatfd/todolist/todo/repository/todo_repository.go:44.25,47.3 2 0
github.com/thanapatfd/todolist/todo/repository/todo_repository.go:49.2,50.32 2 0
github.com/thanapatfd/todolist/todo/repository/todo_repository.go:50.32,57.3 1 0
github.com/thanapatfd/todolist/todo/repository/todo_repository.go:59.2,61.18 2 0
github.com/thanapatfd/todolist/todo/repository/todo_repository.go:64.92,70.25 5 0
github.com/thanapatfd/todolist/todo/repository/todo_repository.go:70.25,72.3 1 0
github.com/thanapatfd/todolist/todo/repository/todo_repository.go:74.2,81.8 2 0
github.com/thanapatfd/todolist/todo/repository/todo_repository.go:84.98,94.25 4 0
github.com/thanapatfd/todolist/todo/repository/todo_repository.go:94.25,97.3 2 0
github.com/thanapatfd/todolist/todo/repository/todo_repository.go:99.2,107.18 5 0
github.com/thanapatfd/todolist/todo/repository/todo_repository.go:110.109,116.25 5 0
github.com/thanapatfd/todolist/todo/repository/todo_repository.go:116.25,119.3 2 0
github.com/thanapatfd/todolist/todo/repository/todo_repository.go:122.2,123.25 2 0
github.com/thanapatfd/todolist/todo/repository/todo_repository.go:123.25,126.3 2 0
github.com/thanapatfd/todolist/todo/repository/todo_repository.go:128.2,132.18 3 0
github.com/thanapatfd/todolist/todo/repository/todo_repository.go:135.108,141.25 5 0
github.com/thanapatfd/todolist/todo/repository/todo_repository.go:141.25,144.3 2 0
github.com/thanapatfd/todolist/todo/repository/todo_repository.go:146.2,146.21 1 0
github.com/thanapatfd/todolist/todo/repository/todo_repository.go:146.21,148.3 1 0
github.com/thanapatfd/todolist/todo/repository/todo_repository.go:149.2,149.23 1 0
github.com/thanapatfd/todolist/todo/repository/todo_repository.go:149.23,151.3 1 0
github.com/thanapatfd/todolist/todo/repository/todo_repository.go:152.2,152.24 1 0
github.com/thanapatfd/todolist/todo/repository/todo_repository.go:152.24,154.3 1 0
github.com/thanapatfd/todolist/todo/repository/todo_repository.go:156.2,157.25 2 0
github.com/thanapatfd/todolist/todo/repository/todo_repository.go:157.25,160.3 2 0
github.com/thanapatfd/todolist/todo/repository/todo_repository.go:162.2,171.18 3 0
github.com/thanapatfd/todolist/todo/repository/todo_repository.go:175.76,181.25 5 0
github.com/thanapatfd/todolist/todo/repository/todo_repository.go:181.25,184.3 2 0
github.com/thanapatfd/todolist/todo/repository/todo_repository.go:185.2,187.12 2 0
github.com/thanapatfd/todolist/todo/repository/todo_repository.go:190.85,196.25 5 0
github.com/thanapatfd/todolist/todo/repository/todo_repository.go:196.25,199.3 2 0
github.com/thanapatfd/todolist/todo/repository/todo_repository.go:201.2,202.29 2 0
github.com/thanapatfd/todolist/todo/repository/todo_repository.go:202.29,209.3 1 0
github.com/thanapatfd/todolist/todo/repository/todo_repository.go:211.2,213.18 2 0
github.com/thanapatfd/todolist/todo/repository/todo_repository.go:215.111,222.25 5 0
github.com/thanapatfd/todolist/todo/repository/todo_repository.go:222.25,225.3 2 0
github.com/thanapatfd/todolist/todo/repository/todo_repository.go:227.2,239.16 4 0
github.com/thanapatfd/todolist/todo/repository/todo_repository.go:239.16,242.3 2 0
github.com/thanapatfd/todolist/todo/repository/todo_repository.go:245.2,246.25 2 0
github.com/thanapatfd/todolist/todo/repository/todo_repository.go:246.25,249.3 2 0
github.com/thanapatfd/todolist/todo/repository/todo_repository.go:251.2,258.18 6 0
github.com/thanapatfd/todolist/todo/handler/todo_handlers.go:41.63,43.2 1 0
github.com/thanapatfd/todolist/todo/handler/todo_handlers.go:45.51,52.16 7 0
github.com/thanapatfd/todolist/todo/handler/todo_handlers.go:52.16,54.3 1 0
github.com/thanapatfd/todolist/todo/handler/todo_handlers.go:56.2,56.29 1 0
github.com/thanapatfd/todolist/todo/handler/todo_handlers.go:56.29,63.3 1 0
github.com/thanapatfd/todolist/todo/handler/todo_handlers.go:65.2,65.43 1 0
github.com/thanapatfd/todolist/todo/handler/todo_handlers.go:68.54,73.16 5 0
github.com/thanapatfd/todolist/todo/handler/todo_handlers.go:73.16,75.3 1 0
github.com/thanapatfd/todolist/todo/handler/todo_handlers.go:76.2,83.43 2 0
github.com/thanapatfd/todolist/todo/handler/todo_handlers.go:86.53,90.46 4 0
github.com/thanapatfd/todolist/todo/handler/todo_handlers.go:90.46,92.3 1 0
github.com/thanapatfd/todolist/todo/handler/todo_handlers.go:93.2,94.16 2 0
github.com/thanapatfd/todolist/todo/handler/todo_handlers.go:94.16,96.3 1 0
github.com/thanapatfd/todolist/todo/handler/todo_handlers.go:98.2,106.16 3 0
github.com/thanapatfd/todolist/todo/handler/todo_handlers.go:106.16,108.3 1 0
github.com/thanapatfd/todolist/todo/handler/todo_handlers.go:109.2,115.43 2 0
github.com/thanapatfd/todolist/todo/handler/todo_handlers.go:118.53,122.14 4 0
github.com/thanapatfd/todolist/todo/handler/todo_handlers.go:122.14,124.3 1 0
github.com/thanapatfd/todolist/todo/handler/todo_handlers.go:125.2,126.46 2 0
github.com/thanapatfd/todolist/todo/handler/todo_handlers.go:126.46,128.3 1 0
github.com/thanapatfd/todolist/todo/handler/todo_handlers.go:129.2,130.16 2 0
github.com/thanapatfd/todolist/todo/handler/todo_handlers.go:130.16,132.3 1 0
github.com/thanapatfd/todolist/todo/handler/todo_handlers.go:134.2,142.16 3 0
github.com/thanapatfd/todolist/todo/handler/todo_handlers.go:142.16,144.3 1 0
github.com/thanapatfd/todolist/todo/handler/todo_handlers.go:145.2,151.43 2 0
github.com/thanapatfd/todolist/todo/handler/todo_handlers.go:155.52,159.14 4 0
github.com/thanapatfd/todolist/todo/handler/todo_handlers.go:159.14,161.3 1 0
github.com/thanapatfd/todolist/todo/handler/todo_handlers.go:163.2,164.47 2 0
github.com/thanapatfd/todolist/todo/handler/todo_handlers.go:164.47,166.3 1 0
github.com/thanapatfd/todolist/todo/handler/todo_handlers.go:168.2,176.16 3 0
github.com/thanapatfd/todolist/todo/handler/todo_handlers.go:176.16,178.3 1 0
github.com/thanapatfd/todolist/todo/handler/todo_handlers.go:180.2,187.48 2 0
github.com/thanapatfd/todolist/todo/handler/todo_handlers.go:190.53,195.16 5 0
github.com/thanapatfd/todolist/todo/handler/todo_handlers.go:195.16,197.3 1 0
github.com/thanapatfd/todolist/todo/handler/todo_handlers.go:198.2,198.89 1 0
github.com/thanapatfd/todolist/todo/handler/todo_handlers.go:201.56,206.16 5 0
github.com/thanapatfd/todolist/todo/handler/todo_handlers.go:206.16,208.3 1 0
github.com/thanapatfd/todolist/todo/handler/todo_handlers.go:210.2,210.29 1 0
github.com/thanapatfd/todolist/todo/handler/todo_handlers.go:210.29,217.3 1 0
github.com/thanapatfd/todolist/todo/handler/todo_handlers.go:218.2,218.63 1 0
github.com/thanapatfd/todolist/todo/handler/todo_handlers.go:220.55,225.14 4 0
github.com/thanapatfd/todolist/todo/handler/todo_handlers.go:225.14,227.3 1 0
github.com/thanapatfd/todolist/todo/handler/todo_handlers.go:228.2,229.46 2 0
github.com/thanapatfd/todolist/todo/handler/todo_handlers.go:229.46,231.3 1 0
github.com/thanapatfd/todolist/todo/handler/todo_handlers.go:233.2,234.16 2 0
github.com/thanapatfd/todolist/todo/handler/todo_handlers.go:234.16,236.3 1 0
github.com/thanapatfd/todolist/todo/handler/todo_handlers.go:238.2,246.16 3 0
github.com/thanapatfd/todolist/todo/handler/todo_handlers.go:246.16,248.3 1 0
github.com/thanapatfd/todolist/todo/handler/todo_handlers.go:249.2,255.43 2 0
github.com/thanapatfd/todolist/todo/handler/todo_handlers.go:259.75,260.73 1 0
github.com/thanapatfd/todolist/todo/handler/todo_handlers.go:260.73,262.3 1 0
github.com/thanapatfd/todolist/todo/handler/todo_handlers.go:264.2,264.21 1 0
github.com/thanapatfd/todolist/todo/server/connect.go:29.34,42.16 3 0
github.com/thanapatfd/todolist/todo/server/connect.go:42.16,45.3 2 0
github.com/thanapatfd/todolist/todo/server/connect.go:47.2,52.28 5 0
github.com/thanapatfd/todolist/todo/usecases/repository/mock_todo.go:14.107,17.2 2 0
github.com/thanapatfd/todolist/todo/usecases/repository/mock_todo.go:19.91,23.2 2 0
github.com/thanapatfd/todolist/todo/usecases/repository/mock_todo.go:25.97,28.2 2 0
github.com/thanapatfd/todolist/todo/usecases/repository/mock_todo.go:30.108,33.2 2 0
github.com/thanapatfd/todolist/todo/usecases/repository/mock_todo.go:35.107,38.2 2 0
github.com/thanapatfd/todolist/todo/usecases/repository/mock_todo.go:40.75,43.2 2 0
github.com/thanapatfd/todolist/todo/usecases/repository/mock_todo.go:45.84,48.2 2 0
github.com/thanapatfd/todolist/todo/usecases/repository/mock_todo.go:49.110,52.2 2 0
github.com/thanapatfd/todolist/todo/usecases/todo_impl.go:10.104,15.16 4 1
github.com/thanapatfd/todolist/todo/usecases/todo_impl.go:15.16,19.3 3 1
github.com/thanapatfd/todolist/todo/usecases/todo_impl.go:21.2,23.18 2 1
github.com/thanapatfd/todolist/todo/usecases/todo_impl.go:26.88,31.16 4 1
github.com/thanapatfd/todolist/todo/usecases/todo_impl.go:31.16,34.3 2 1
github.com/thanapatfd/todolist/todo/usecases/todo_impl.go:36.2,38.18 2 1
github.com/thanapatfd/todolist/todo/usecases/todo_impl.go:40.94,45.16 4 1
github.com/thanapatfd/todolist/todo/usecases/todo_impl.go:45.16,48.3 2 1
github.com/thanapatfd/todolist/todo/usecases/todo_impl.go:50.2,52.18 2 1
github.com/thanapatfd/todolist/todo/usecases/todo_impl.go:55.105,60.16 4 1
github.com/thanapatfd/todolist/todo/usecases/todo_impl.go:60.16,63.3 2 1
github.com/thanapatfd/todolist/todo/usecases/todo_impl.go:65.2,67.18 2 1
github.com/thanapatfd/todolist/todo/usecases/todo_impl.go:70.104,75.16 4 1
github.com/thanapatfd/todolist/todo/usecases/todo_impl.go:75.16,78.3 2 1
github.com/thanapatfd/todolist/todo/usecases/todo_impl.go:80.2,82.18 2 1
github.com/thanapatfd/todolist/todo/usecases/todo_impl.go:86.72,91.16 4 1
github.com/thanapatfd/todolist/todo/usecases/todo_impl.go:91.16,94.3 2 1
github.com/thanapatfd/todolist/todo/usecases/todo_impl.go:96.2,98.12 2 1
github.com/thanapatfd/todolist/todo/usecases/todo_impl.go:101.81,106.16 4 1
github.com/thanapatfd/todolist/todo/usecases/todo_impl.go:106.16,109.3 2 1
github.com/thanapatfd/todolist/todo/usecases/todo_impl.go:110.2,112.18 2 1
github.com/thanapatfd/todolist/todo/usecases/todo_impl.go:115.107,120.16 4 1
github.com/thanapatfd/todolist/todo/usecases/todo_impl.go:120.16,123.3 2 1
github.com/thanapatfd/todolist/todo/usecases/todo_impl.go:125.2,125.18 1 1
github.com/thanapatfd/todolist/todo/usecases/todo_usecase.go:16.66,20.2 1 1
github.com/thanapatfd/todolist/todo/usecases/repository/mock_todo.go:14.107,17.2 2 1
github.com/thanapatfd/todolist/todo/usecases/repository/mock_todo.go:19.91,23.2 2 1
github.com/thanapatfd/todolist/todo/usecases/repository/mock_todo.go:25.97,28.2 2 1
github.com/thanapatfd/todolist/todo/usecases/repository/mock_todo.go:30.108,33.2 2 1
github.com/thanapatfd/todolist/todo/usecases/repository/mock_todo.go:35.107,38.2 2 1
github.com/thanapatfd/todolist/todo/usecases/repository/mock_todo.go:40.75,43.2 2 1
github.com/thanapatfd/todolist/todo/usecases/repository/mock_todo.go:45.84,48.2 2 1
github.com/thanapatfd/todolist/todo/usecases/repository/mock_todo.go:49.110,52.2 2 1
